<?xml version="1.0" encoding="UTF-8"?>
<!-- Generated by org.testng.reporters.JUnitReportReporter -->
<testsuite skipped="0" hostname="khirod" name="idpro.module.login.SignIn" tests="1" failures="0" timestamp="29 Sep 2018 06:01:34 GMT" time="7.816" errors="0">
  <testcase name="TC001" time="7.816" classname="idpro.module.login.SignIn"/>
</testsuite> <!-- idpro.module.login.SignIn -->
